<?xml version='1.0'?>
<ns2:test-suite xmlns:ns2='urn:model.allure.qatools.yandex.ru' start='1621064510869' stop='1621064517375'>
    <name>To validate A Million More | Volvo Cars - International page - HeaderValidation</name>
    <title>To validate A Million More | Volvo Cars - International page - HeaderValidation</title>
    <test-cases>
        <test-case start='1621064510870' status='passed' stop='1621064514522'>
            <name>should validate the title</name>
            <title>should validate the title</title>
            <labels>
                <label name='language' value='javascript'/>
                <label name='framework' value='wdio'/>
                <label name='thread' value='0-0'/>
                <label name='severity' value='critical'/>
                <label name='feature' value='HomePage'/>
            </labels>
            <parameters>
                <parameter kind='argument' name='browser' value='chrome-90.0.4430.212'/>
            </parameters>
            <steps/>
            <attachments/>
        </test-case>
        <test-case start='1621064514525' status='passed' stop='1621064515088'>
            <name>should validate the header section of homePage</name>
            <title>should validate the header section of homePage</title>
            <labels>
                <label name='language' value='javascript'/>
                <label name='framework' value='wdio'/>
                <label name='thread' value='0-0'/>
                <label name='severity' value='critical'/>
                <label name='feature' value='Header'/>
            </labels>
            <parameters>
                <parameter kind='argument' name='browser' value='chrome-90.0.4430.212'/>
            </parameters>
            <steps/>
            <attachments/>
        </test-case>
        <test-case start='1621064515088' status='passed' stop='1621064516187'>
            <name>should validate the Cars Menu of homePage</name>
            <title>should validate the Cars Menu of homePage</title>
            <labels>
                <label name='language' value='javascript'/>
                <label name='framework' value='wdio'/>
                <label name='thread' value='0-0'/>
                <label name='severity' value='critical'/>
                <label name='feature' value='Header'/>
            </labels>
            <parameters>
                <parameter kind='argument' name='browser' value='chrome-90.0.4430.212'/>
            </parameters>
            <steps/>
            <attachments/>
        </test-case>
        <test-case start='1621064516187' status='failed' stop='1621064517373'>
            <name>should validate the Cars present in each tabs</name>
            <title>should validate the Cars present in each tabs</title>
            <labels>
                <label name='language' value='javascript'/>
                <label name='framework' value='wdio'/>
                <label name='thread' value='0-0'/>
                <label name='severity' value='critical'/>
                <label name='feature' value='Header'/>
            </labels>
            <parameters>
                <parameter kind='argument' name='browser' value='chrome-90.0.4430.212'/>
            </parameters>
            <steps/>
            <attachments/>
            <failure>
                <message>All cars under each tab should be displayed: expected 0 to equal 16</message>
                <stack-trace>AssertionError: All cars under each tab should be displayed: expected 0 to equal 16
                    at Context.&lt;anonymous> (F:\Repository\Volvo_wdio\test\specs\HeaderValidation.spec.ts:41:73)
                    at Context.executeSync (F:\Repository\Volvo_wdio\node_modules\@wdio\sync\build\index.js:38:22)
                    at F:\Repository\Volvo_wdio\node_modules\@wdio\sync\build\index.js:69:68</stack-trace>
            </failure>
        </test-case>
    </test-cases>
</ns2:test-suite>